[log] Run all = false
[log] Started : login_lakare1.sikuli
[log] Success : login_lakare1.sikuli
[log] Started : open_ColdCUTS.sikuli
[log] Success : open_ColdCUTS.sikuli
[log] Started : Open_Patient_Card_cold.sikuli
[log] Success : Open_Patient_Card_cold.sikuli
[log] Started : close_window.sikuli
[log] Success : close_window.sikuli
[log] Started : closeCUTS.sikuli
[log] Success : closeCUTS.sikuli
[log] Started : open_HotCUTS.sikuli
[log] Success : open_HotCUTS.sikuli
[log] Started : Open_Patient_Card_cold.sikuli
[log] Success : Open_Patient_Card_cold.sikuli
[log] Started : close_window.sikuli
[log] Success : close_window.sikuli
[log] Started : closeCUTS.sikuli
[log] Success : closeCUTS.sikuli
[log] Started : exit.sikuli
[log] Success : exit.sikuli
[log] Run all = true
[log] started flow : full run.flw
[log] Started : login_lakare1.sikuli
[log] Success : login_lakare1.sikuli
[log] Started : open_ColdCUTS.sikuli
[log] Success : open_ColdCUTS.sikuli
[log] Started : Open_Patient_Card_cold.sikuli
[log] Success : Open_Patient_Card_cold.sikuli
[log] Started : close_window.sikuli
[log] Success : close_window.sikuli
[log] Started : closeCUTS.sikuli
[log] Success : closeCUTS.sikuli
[log] Started : open_HotCUTS.sikuli
[log] Success : open_HotCUTS.sikuli
[log] Started : Open_Patient_Card_cold.sikuli
[log] Success : Open_Patient_Card_cold.sikuli
[log] Started : close_window.sikuli
[log] Success : close_window.sikuli
[log] Started : closeCUTS.sikuli
[log] Success : closeCUTS.sikuli
[log] Started : exit.sikuli
[log] Success : exit.sikuli
[log] started flow : full run2.flw
[log] Started : login_lakare1.sikuli
[log] Success : login_lakare1.sikuli
[log] Started : open_ColdCUTS.sikuli
[log] Success : open_ColdCUTS.sikuli
[log] Started : Open_Patient_Card_cold.sikuli
[log] Success : Open_Patient_Card_cold.sikuli
[log] Started : close_window.sikuli
[log] Success : close_window.sikuli
[log] Started : closeCUTS.sikuli
[log] Success : closeCUTS.sikuli
[log] Started : open_HotCUTS.sikuli
[log] Success : open_HotCUTS.sikuli
[log] Started : Open_Patient_Card_cold.sikuli
[log] Success : Open_Patient_Card_cold.sikuli
[log] Started : close_window.sikuli
[log] Success : close_window.sikuli
[log] Started : closeCUTS.sikuli
[log] Success : closeCUTS.sikuli
[log] Started : exit.sikuli
[log] Success : exit.sikuli
