======================================================================
[log] 2015-10-29 13:10:05.010 Run all = false
[log] 2015-10-29 13:10:05.011 Started : test.sikuli
[log] 2015-10-29 13:10:07.799 Success : test.sikuli
======================================================================
[log] 2015-10-29 13:10:24.855 Run all = false
[log] 2015-10-29 13:10:24.855 Started : openText.sikuli
[log] 2015-10-29 13:10:29.316 Failed : openText.sikuli
======================================================================
[log] 2015-10-29 13:10:45.806 Run all = false
[log] 2015-10-29 13:10:45.806 Started : openText.sikuli
[log] 2015-10-29 13:10:48.602 Success : openText.sikuli
[log] 2015-10-29 13:10:48.602 Started : loop_write.sikuli
[log] 2015-10-29 13:10:48.603 started to loop
[log] 2015-10-29 13:10:49.932 No. of rows:5No. of columns:2
[log] 2015-10-29 13:10:50.802 Entered:row1 col1 row1 col2 
[log] 2015-10-29 13:10:51.647 Entered:row2 col1 row2 col2 
[log] 2015-10-29 13:10:52.492 Entered:row3 col1 row3 col2 
[log] 2015-10-29 13:10:53.338 Entered:row4 col1 row4 col2 
[log] 2015-10-29 13:10:54.184 Entered:row5 col1 row5 col2 
[log] 2015-10-29 13:10:54.184 Success : loop_write.sikuli
